<?xml version="1.0" encoding="UTF-8"?>
<!-- Generated by org.testng.reporters.JUnitReportReporter -->
<testsuite hostname="HIBACL131408" name="com.RestApi.Demo.RestAssured_POST_Employee" tests="1" failures="0" timestamp="12 Oct 2020 07:34:58 GMT" time="4.413" errors="0">
  <testcase name="AddRecords" time="4.413" classname="com.RestApi.Demo.RestAssured_POST_Employee"/>
</testsuite> <!-- com.RestApi.Demo.RestAssured_POST_Employee -->
