<?xml version="1.0" encoding="UTF-8"?>
<!-- Generated by org.testng.reporters.JUnitReportReporter -->
<testsuite hostname="HIBACL131408" name="com.RestApi.Demo.RestAssured_GET_All_CountryName" tests="1" failures="0" timestamp="8 Sep 2020 04:16:20 GMT" time="5.961" errors="0">
  <testcase name="RestAPI_Test" time="5.961" classname="com.RestApi.Demo.RestAssured_GET_All_CountryName"/>
</testsuite> <!-- com.RestApi.Demo.RestAssured_GET_All_CountryName -->
