<?xml version="1.0" encoding="UTF-8"?>
<!-- Generated by org.testng.reporters.JUnitReportReporter -->
<testsuite hostname="HIBACL131408" name="com.RestAPI_Project.RestAssured_GET_By_EmpID" tests="1" failures="0" timestamp="27 Oct 2019 08:35:38 GMT" time="7.338" errors="0">
  <testcase name="RestAPI_Test" time="7.338" classname="com.RestAPI_Project.RestAssured_GET_By_EmpID"/>
</testsuite> <!-- com.RestAPI_Project.RestAssured_GET_By_EmpID -->
