<?xml version="1.0" encoding="UTF-8"?>
<!-- Generated by org.testng.reporters.JUnitReportReporter -->
<testsuite hostname="HIBACL131408" name="com.RestApi.Demo.RestAssured_GET_By_Country_Name" tests="1" failures="0" timestamp="7 Aug 2020 07:34:16 GMT" time="3.773" errors="0">
  <testcase name="RestAPI_Test" time="3.773" classname="com.RestApi.Demo.RestAssured_GET_By_Country_Name"/>
</testsuite> <!-- com.RestApi.Demo.RestAssured_GET_By_Country_Name -->
