<?xml version="1.0" encoding="UTF-8"?>
<!-- Generated by org.testng.reporters.JUnitReportReporter -->
<testsuite hostname="HIBACL131408" name="com.RestApi.Demo.RestAssured_DELETE" tests="1" failures="0" timestamp="12 Oct 2020 07:44:07 GMT" time="3.663" errors="0">
  <testcase name="deleteEmpRecord" time="3.663" classname="com.RestApi.Demo.RestAssured_DELETE"/>
</testsuite> <!-- com.RestApi.Demo.RestAssured_DELETE -->
