<?xml version="1.0" encoding="UTF-8"?>
<!-- Generated by org.testng.reporters.JUnitReportReporter -->
<testsuite hostname="HIBACL131408" name="com.reqres.in.Deserialize_JSON_Array_to_an_Array_using_JSONPath" tests="1" failures="0" timestamp="22 Sep 2020 17:52:57 GMT" time="2.770" errors="1">
  <testcase name="JsonArrayToArray" time="2.770" classname="com.reqres.in.Deserialize_JSON_Array_to_an_Array_using_JSONPath">
    <error type="com.fasterxml.jackson.databind.exc.UnrecognizedPropertyException" message="Unrecognized field &quot;last_name&quot; (class com.reqres.in.Name), not marked as ignorable (0 known properties: ])
 at [Source: (String)&quot;[{&quot;last_name&quot;:&quot;Bluth&quot;,&quot;id&quot;:1,&quot;avatar&quot;:&quot;https://s3.amazonaws.com/uifaces/faces/twitter/calebogden/128.jpg&quot;,&quot;first_name&quot;:&quot;George&quot;,&quot;email&quot;:&quot;george.bluth@reqres.in&quot;},{&quot;last_name&quot;:&quot;Weaver&quot;,&quot;id&quot;:2,&quot;avatar&quot;:&quot;https://s3.amazonaws.com/uifaces/faces/twitter/josephstein/128.jpg&quot;,&quot;first_name&quot;:&quot;Janet&quot;,&quot;email&quot;:&quot;janet.weaver@reqres.in&quot;},{&quot;last_name&quot;:&quot;Wong&quot;,&quot;id&quot;:3,&quot;avatar&quot;:&quot;https://s3.amazonaws.com/uifaces/faces/twitter/olegpogodaev/128.jpg&quot;,&quot;first_name&quot;:&quot;Emma&quot;,&quot;email&quot;:&quot;emma.wong@reqres.in&quot;},{&quot;last_name&quot;:&quot;Holt&quot;&quot;[truncated 462 chars]; line: 1, column: 16] (through reference chain: java.lang.Object[][0]-&gt;com.reqres.in.Name[&quot;last_name&quot;])">
      <![CDATA[com.fasterxml.jackson.databind.exc.UnrecognizedPropertyException: Unrecognized field "last_name" (class com.reqres.in.Name), not marked as ignorable (0 known properties: ])
 at [Source: (String)"[{"last_name":"Bluth","id":1,"avatar":"https://s3.amazonaws.com/uifaces/faces/twitter/calebogden/128.jpg","first_name":"George","email":"george.bluth@reqres.in"},{"last_name":"Weaver","id":2,"avatar":"https://s3.amazonaws.com/uifaces/faces/twitter/josephstein/128.jpg","first_name":"Janet","email":"janet.weaver@reqres.in"},{"last_name":"Wong","id":3,"avatar":"https://s3.amazonaws.com/uifaces/faces/twitter/olegpogodaev/128.jpg","first_name":"Emma","email":"emma.wong@reqres.in"},{"last_name":"Holt""[truncated 462 chars]; line: 1, column: 16] (through reference chain: java.lang.Object[][0]->com.reqres.in.Name["last_name"])
	at com.fasterxml.jackson.databind.exc.UnrecognizedPropertyException.from(UnrecognizedPropertyException.java:61)
	at com.fasterxml.jackson.databind.DeserializationContext.handleUnknownProperty(DeserializationContext.java:855)
	at com.fasterxml.jackson.databind.deser.std.StdDeserializer.handleUnknownProperty(StdDeserializer.java:1212)
	at com.fasterxml.jackson.databind.deser.BeanDeserializerBase.handleUnknownProperty(BeanDeserializerBase.java:1604)
	at com.fasterxml.jackson.databind.deser.BeanDeserializerBase.handleUnknownVanilla(BeanDeserializerBase.java:1582)
	at com.fasterxml.jackson.databind.deser.BeanDeserializer.vanillaDeserialize(BeanDeserializer.java:299)
	at com.fasterxml.jackson.databind.deser.BeanDeserializer.deserialize(BeanDeserializer.java:156)
	at com.fasterxml.jackson.databind.deser.std.ObjectArrayDeserializer.deserialize(ObjectArrayDeserializer.java:195)
	at com.fasterxml.jackson.databind.deser.std.ObjectArrayDeserializer.deserialize(ObjectArrayDeserializer.java:21)
	at com.fasterxml.jackson.databind.ObjectMapper._readMapAndClose(ObjectMapper.java:4524)
	at com.fasterxml.jackson.databind.ObjectMapper.readValue(ObjectMapper.java:3466)
	at com.fasterxml.jackson.databind.ObjectMapper$readValue$0.call(Unknown Source)
	at org.codehaus.groovy.runtime.callsite.CallSiteArray.defaultCall(CallSiteArray.java:47)
	at org.codehaus.groovy.runtime.callsite.AbstractCallSite.call(AbstractCallSite.java:115)
	at org.codehaus.groovy.runtime.callsite.AbstractCallSite.call(AbstractCallSite.java:135)
	at io.restassured.internal.path.json.mapping.JsonPathJackson2ObjectDeserializer.deserialize(JsonPathJackson2ObjectDeserializer.groovy:46)
	at io.restassured.path.json.mapping.JsonPathObjectDeserializer$deserialize.call(Unknown Source)
	at org.codehaus.groovy.runtime.callsite.CallSiteArray.defaultCall(CallSiteArray.java:47)
	at org.codehaus.groovy.runtime.callsite.AbstractCallSite.call(AbstractCallSite.java:115)
	at org.codehaus.groovy.runtime.callsite.AbstractCallSite.call(AbstractCallSite.java:127)
	at io.restassured.internal.path.json.mapping.JsonObjectDeserializer.deserializeWithJackson2(JsonObjectDeserializer.groovy:103)
	at io.restassured.internal.path.json.mapping.JsonObjectDeserializer$deserializeWithJackson2.callStatic(Unknown Source)
	at org.codehaus.groovy.runtime.callsite.CallSiteArray.defaultCallStatic(CallSiteArray.java:55)
	at org.codehaus.groovy.runtime.callsite.AbstractCallSite.callStatic(AbstractCallSite.java:196)
	at org.codehaus.groovy.runtime.callsite.AbstractCallSite.callStatic(AbstractCallSite.java:216)
	at io.restassured.internal.path.json.mapping.JsonObjectDeserializer.deserialize(JsonObjectDeserializer.groovy:68)
	at io.restassured.path.json.JsonPath.jsonStringToObject(JsonPath.java:1091)
	at io.restassured.path.json.JsonPath.getObject(JsonPath.java:560)
	at com.reqres.in.Deserialize_JSON_Array_to_an_Array_using_JSONPath.JsonArrayToArray(Deserialize_JSON_Array_to_an_Array_using_JSONPath.java:27)
	at sun.reflect.NativeMethodAccessorImpl.invoke0(Native Method)
	at sun.reflect.NativeMethodAccessorImpl.invoke(Unknown Source)
	at sun.reflect.DelegatingMethodAccessorImpl.invoke(Unknown Source)
	at java.lang.reflect.Method.invoke(Unknown Source)
	at org.testng.internal.MethodInvocationHelper.invokeMethod(MethodInvocationHelper.java:86)
	at org.testng.internal.Invoker.invokeMethod(Invoker.java:643)
	at org.testng.internal.Invoker.invokeTestMethod(Invoker.java:820)
	at org.testng.internal.Invoker.invokeTestMethods(Invoker.java:1128)
	at org.testng.internal.TestMethodWorker.invokeTestMethods(TestMethodWorker.java:129)
	at org.testng.internal.TestMethodWorker.run(TestMethodWorker.java:112)
	at org.testng.TestRunner.privateRun(TestRunner.java:782)
	at org.testng.TestRunner.run(TestRunner.java:632)
	at org.testng.SuiteRunner.runTest(SuiteRunner.java:366)
	at org.testng.SuiteRunner.runSequentially(SuiteRunner.java:361)
	at org.testng.SuiteRunner.privateRun(SuiteRunner.java:319)
	at org.testng.SuiteRunner.run(SuiteRunner.java:268)
	at org.testng.SuiteRunnerWorker.runSuite(SuiteRunnerWorker.java:52)
	at org.testng.SuiteRunnerWorker.run(SuiteRunnerWorker.java:86)
	at org.testng.TestNG.runSuitesSequentially(TestNG.java:1244)
	at org.testng.TestNG.runSuitesLocally(TestNG.java:1169)
	at org.testng.TestNG.run(TestNG.java:1064)
	at org.testng.remote.AbstractRemoteTestNG.run(AbstractRemoteTestNG.java:132)
	at org.testng.remote.RemoteTestNG.initAndRun(RemoteTestNG.java:236)
	at org.testng.remote.RemoteTestNG.main(RemoteTestNG.java:81)
]]>
    </error>
  </testcase> <!-- JsonArrayToArray -->
</testsuite> <!-- com.reqres.in.Deserialize_JSON_Array_to_an_Array_using_JSONPath -->
