<?xml version="1.0" encoding="UTF-8"?>
<!-- Generated by org.testng.reporters.JUnitReportReporter -->
<testsuite hostname="HIBACL131408" name="com.reqres.in.RestAssured_POST_Register_Successful" tests="1" failures="0" timestamp="22 Sep 2020 13:04:06 GMT" time="2.757" errors="0">
  <testcase name="POST_Request" time="2.757" classname="com.reqres.in.RestAssured_POST_Register_Successful"/>
</testsuite> <!-- com.reqres.in.RestAssured_POST_Register_Successful -->
