<?xml version="1.0" encoding="UTF-8"?>
<!-- Generated by org.testng.reporters.JUnitReportReporter -->
<testsuite hostname="HIBACL131408" name="com.reqres.in.Query_Parameters_Rest_Assured" tests="1" failures="0" timestamp="22 Sep 2020 11:00:16 GMT" time="2.609" errors="0">
  <testcase name="queryParameter" time="2.609" classname="com.reqres.in.Query_Parameters_Rest_Assured"/>
</testsuite> <!-- com.reqres.in.Query_Parameters_Rest_Assured -->
