<?xml version="1.0" encoding="UTF-8"?>
<!-- Generated by org.testng.reporters.JUnitReportReporter -->
<testsuite hostname="HIBACL131408" name="com.RestAPI_Project.RestAssured_DELETE" tests="1" failures="0" timestamp="29 Oct 2019 10:55:24 GMT" time="3.533" errors="0">
  <testcase name="deleteEmpRecord" time="3.533" classname="com.RestAPI_Project.RestAssured_DELETE"/>
</testsuite> <!-- com.RestAPI_Project.RestAssured_DELETE -->
