<?xml version="1.0" encoding="UTF-8"?>
<!-- Generated by org.testng.reporters.JUnitReportReporter -->
<testsuite hostname="HIBACL131408" name="com.RestAPI_Project.RestAssured_GET_All_CountryName" tests="1" failures="0" timestamp="29 Oct 2019 10:50:55 GMT" time="4.056" errors="0">
  <testcase name="RestAPI_Test" time="4.056" classname="com.RestAPI_Project.RestAssured_GET_All_CountryName"/>
</testsuite> <!-- com.RestAPI_Project.RestAssured_GET_All_CountryName -->
