<?xml version="1.0" encoding="UTF-8"?>
<!-- Generated by org.testng.reporters.JUnitReportReporter -->
<testsuite hostname="HIBACL131408" name="com.RestAPI_Employee_Project.Customer_Register_POST" tests="1" failures="0" timestamp="29 Oct 2019 10:33:34 GMT" time="2.226" errors="0">
  <testcase name="RegistrationSuccessful" time="2.226" classname="com.RestAPI_Employee_Project.Customer_Register_POST"/>
</testsuite> <!-- com.RestAPI_Employee_Project.Customer_Register_POST -->
