<?xml version="1.0" encoding="UTF-8"?>
<!-- Generated by org.testng.reporters.JUnitReportReporter -->
<testsuite hostname="HIBACL131408" name="com.RestAPI_Project.RestAssured_GET_Test" tests="1" failures="0" timestamp="29 Oct 2019 11:53:44 GMT" time="1.880" errors="0">
  <testcase name="RestAPI_Test" time="1.880" classname="com.RestAPI_Project.RestAssured_GET_Test"/>
</testsuite> <!-- com.RestAPI_Project.RestAssured_GET_Test -->
