<?xml version="1.0" encoding="UTF-8"?>
<!-- Generated by org.testng.reporters.JUnitReportReporter -->
<testsuite hostname="HIBACL131408" name="com.RestAPI_Project.RestAssured_PUT" tests="1" failures="0" timestamp="29 Oct 2019 11:23:10 GMT" time="3.164" errors="0">
  <testcase name="UpdateRecords" time="3.164" classname="com.RestAPI_Project.RestAssured_PUT"/>
</testsuite> <!-- com.RestAPI_Project.RestAssured_PUT -->
