<?xml version="1.0" encoding="UTF-8"?>
<!-- Generated by org.testng.reporters.JUnitReportReporter -->
<testsuite hostname="HIBACL131408" name="com.reqres.in.RestAssured_GET_Node_Text_From_Response" tests="1" failures="0" timestamp="22 Sep 2020 09:31:20 GMT" time="2.021" errors="0">
  <testcase name="RestAPI_Test" time="2.021" classname="com.reqres.in.RestAssured_GET_Node_Text_From_Response"/>
</testsuite> <!-- com.reqres.in.RestAssured_GET_Node_Text_From_Response -->
