<?xml version="1.0" encoding="UTF-8"?>
<!-- Generated by org.testng.reporters.JUnitReportReporter -->
<testsuite hostname="HIBACL131408" name="com.RestAPI_Project.RestAssured_GET_By_Country_Name" tests="1" failures="0" timestamp="28 Oct 2019 03:44:07 GMT" time="6.922" errors="0">
  <testcase name="RestAPI_Test" time="6.922" classname="com.RestAPI_Project.RestAssured_GET_By_Country_Name"/>
</testsuite> <!-- com.RestAPI_Project.RestAssured_GET_By_Country_Name -->
