<?xml version="1.0" encoding="UTF-8"?>
<!-- Generated by org.testng.reporters.JUnitReportReporter -->
<testsuite hostname="HIBACL131408" name="com.RestApi.Demo.Read_JSON_Response" tests="1" failures="0" timestamp="22 Sep 2020 05:20:15 GMT" time="3.220" errors="0">
  <testcase name="DisplayAllNodesInWeatherAPI" time="3.220" classname="com.RestApi.Demo.Read_JSON_Response"/>
</testsuite> <!-- com.RestApi.Demo.Read_JSON_Response -->
