<?xml version="1.0" encoding="UTF-8"?>
<!-- Generated by org.testng.reporters.JUnitReportReporter -->
<testsuite hostname="HIBACL131408" name="com.reqres.in.RestAssured_POST_Request" tests="1" failures="0" timestamp="22 Sep 2020 12:41:05 GMT" time="3.080" errors="0">
  <testcase name="POST_Request" time="3.080" classname="com.reqres.in.RestAssured_POST_Request"/>
</testsuite> <!-- com.reqres.in.RestAssured_POST_Request -->
