<?xml version="1.0" encoding="UTF-8"?>
<!-- Generated by org.testng.reporters.JUnitReportReporter -->
<testsuite hostname="HIBACL131408" name="com.reqres.in.RestAssured_POST_Employee_Using_JSON" tests="3" failures="0" timestamp="22 Sep 2020 14:13:55 GMT" time="5.992" errors="0">
  <testcase name="UpdateRecords" time="1.661" classname="com.reqres.in.RestAssured_POST_Employee_Using_JSON"/>
  <testcase name="UpdateRecords" time="1.220" classname="com.reqres.in.RestAssured_POST_Employee_Using_JSON"/>
  <testcase name="UpdateRecords" time="3.111" classname="com.reqres.in.RestAssured_POST_Employee_Using_JSON"/>
</testsuite> <!-- com.reqres.in.RestAssured_POST_Employee_Using_JSON -->
