<?xml version="1.0" encoding="UTF-8"?>
<!-- Generated by org.testng.reporters.JUnitReportReporter -->
<testsuite hostname="HIBACL131408" name="com.RestAPI_Employee_Project.RestAssured_GET_By_EmpID" tests="1" failures="0" timestamp="29 Oct 2019 11:50:19 GMT" time="2.514" errors="0">
  <testcase name="RestAPI_Test" time="2.514" classname="com.RestAPI_Employee_Project.RestAssured_GET_By_EmpID"/>
</testsuite> <!-- com.RestAPI_Employee_Project.RestAssured_GET_By_EmpID -->
