<?xml version="1.0" encoding="UTF-8"?>
<!-- Generated by org.testng.reporters.JUnitReportReporter -->
<testsuite hostname="HIBACL131408" name="com.RestApi.Demo.RestAssured_PUT" tests="1" failures="0" timestamp="12 Oct 2020 07:58:22 GMT" time="4.254" errors="0">
  <testcase name="UpdateRecords" time="4.254" classname="com.RestApi.Demo.RestAssured_PUT"/>
</testsuite> <!-- com.RestApi.Demo.RestAssured_PUT -->
