<?xml version="1.0" encoding="UTF-8"?>
<!-- Generated by org.testng.reporters.JUnitReportReporter -->
<testsuite hostname="HIBACL131408" name="com.reqres.in.DeSerialize_JSON_Array_to_List" tests="1" failures="0" timestamp="12 Oct 2020 09:26:40 GMT" time="4.059" errors="0">
  <testcase name="JsonPathUsage" time="4.059" classname="com.reqres.in.DeSerialize_JSON_Array_to_List"/>
</testsuite> <!-- com.reqres.in.DeSerialize_JSON_Array_to_List -->
