<?xml version="1.0" encoding="UTF-8"?>
<!-- Generated by org.testng.reporters.JUnitReportReporter -->
<testsuite hostname="HIBACL131408" name="com.RestApi.Demo.RestAssured_GET_By_EmpName" tests="1" failures="0" timestamp="29 Oct 2019 11:10:22 GMT" time="3.249" errors="0">
  <testcase name="RestAPI_Test" time="3.249" classname="com.RestApi.Demo.RestAssured_GET_By_EmpName"/>
</testsuite> <!-- com.RestApi.Demo.RestAssured_GET_By_EmpName -->
